2021-11-24 16:08:38.162434 UTC       INFO rbatis::plugin::log - [rbatis] [305978327850684416] Exec   ==> insert into block (id,validator_id,height,hash,previous_block_hash,tx_merkle_root,tx_count,size,timestamp,created_at,updated_at) values (?,?,?,?,?,?,?,?,?,?,?)
                                                                [rbatis]                      Args   ==> [null, 1, 11958, "881ee8c6b3f65123103db3be8a73324affe52ca6f85cbdaef203702a10e6a21b", "8ee6db34c85490d41daa9ffa536a15af526e853407c66caeeb93df8e77f4798a", "8dd6db34c85490d41daa9ffa536a15af526e853407c66caeeb93df8e77f4798a", 1, 19, 12812831283, null, null]
2021-11-24 16:08:42.847734 UTC       ERROR rbatis::plugin::log - [rbatis] [305978327850684416] ReturnErr  <== error returned from database: 1146 (42S02): Table 'blockcenter_bytom2.0.block' doesn't exist  (/Users/bytom/.cargo/registry/src/crates.rustcc.cn-46a557d00542c05f/rbatis-3.0.21/src/plugin/log.rs:43)
2021-11-24 16:09:48.760169 UTC       INFO rbatis::plugin::log - [rbatis] [305978623960158208] Fetch  ==> select id,validator_id,height,hash,previous_block_hash,tx_merkle_root,tx_count,size,timestamp,created_at,updated_at from block  where id = ?
                                                                [rbatis]                      Args   ==> [11963]
2021-11-24 16:09:49.201507 UTC       ERROR rbatis::plugin::log - [rbatis] [305978623960158208] ReturnErr  <== error returned from database: 1146 (42S02): Table 'blockcenter_bytom2.0.block' doesn't exist  (/Users/bytom/.cargo/registry/src/crates.rustcc.cn-46a557d00542c05f/rbatis-3.0.21/src/plugin/log.rs:43)
2021-11-24 16:11:40.226785 UTC       INFO rbatis::plugin::log - [rbatis] [305979091482447872] Exec   ==> insert into blocks (id,validator_id,height,hash,previous_block_hash,tx_merkle_root,tx_count,size,timestamp,created_at,updated_at) values (?,?,?,?,?,?,?,?,?,?,?)
                                                                [rbatis]                      Args   ==> [null, 1, 11958, "881ee8c6b3f65123103db3be8a73324affe52ca6f85cbdaef203702a10e6a21b", "8ee6db34c85490d41daa9ffa536a15af526e853407c66caeeb93df8e77f4798a", "8dd6db34c85490d41daa9ffa536a15af526e853407c66caeeb93df8e77f4798a", 1, 19, 12812831283, null, null]
2021-11-24 16:11:40.948672 UTC       ERROR rbatis::plugin::log - [rbatis] [305979091482447872] ReturnErr  <== error returned from database: 1054 (42S22): Unknown column 'created_at' in 'field list'  (/Users/bytom/.cargo/registry/src/crates.rustcc.cn-46a557d00542c05f/rbatis-3.0.21/src/plugin/log.rs:43)
2021-11-24 16:13:38.734011 UTC       INFO rbatis::plugin::log - [rbatis] [305979588536832000] Exec   ==> insert into blocks (id,validator_id,height,hash,previous_block_hash,tx_merkle_root,tx_count,size,timestamp,created_at,updated_at) values (?,?,?,?,?,?,?,?,?,?,?)
                                                                [rbatis]                      Args   ==> [null, 1, 11958, "881ee8c6b3f65123103db3be8a73324affe52ca6f85cbdaef203702a10e6a21b", "8ee6db34c85490d41daa9ffa536a15af526e853407c66caeeb93df8e77f4798a", "8dd6db34c85490d41daa9ffa536a15af526e853407c66caeeb93df8e77f4798a", 1, 19, 12812831283, null, null]
2021-11-24 16:13:39.989020 UTC       INFO rbatis::plugin::log - [rbatis] [305979588536832000] RowsAffected <== 1
2021-11-24 16:14:32.607150 UTC       INFO rbatis::plugin::log - [rbatis] [305979814500765696] Fetch  ==> select id,validator_id,height,hash,previous_block_hash,tx_merkle_root,tx_count,size,timestamp,created_at,updated_at from blocks  where id = ? 
                                                                [rbatis]                      Args   ==> [11963]
2021-11-24 16:14:34.415762 UTC       ERROR rbatis::plugin::log - [rbatis] [305979814500765696] ReturnErr  <== invalid type: unit value, expected struct Block  (/Users/bytom/.cargo/registry/src/crates.rustcc.cn-46a557d00542c05f/rbatis-3.0.21/src/plugin/log.rs:43)
2021-11-24 16:18:29.872775 UTC       INFO rbatis::plugin::log - [rbatis] [305980809658109952] Fetch  ==> select id,validator_id,height,hash,previous_block_hash,tx_merkle_root,tx_count,size,timestamp,created_at,updated_at from blocks  where id = ? 
                                                                [rbatis]                      Args   ==> [11964]
2021-11-24 16:18:33.133720 UTC       INFO rbatis::plugin::log - [rbatis] [305980809658109952] ReturnRows <== 1
2021-11-24 16:19:05.614055 UTC       INFO rbatis::plugin::log - [rbatis] [305980959570923520] Exec   ==> delete from blocks where id = ?
                                                                [rbatis]                      Args   ==> [11964]
2021-11-24 16:19:06.605631 UTC       INFO rbatis::plugin::log - [rbatis] [305980959570923520] RowsAffected <== 1
